Start testing: Sep 16 15:36 UTC
----------------------------------------------------------
1/28 Testing: archive-core
1/28 Test: archive-core
Command: "/__w/Media-Downloader-PS/Media-Downloader-PS/build-sanitized/archive-core-tests"
Directory: /__w/Media-Downloader-PS/Media-Downloader-PS/build-sanitized
"archive-core" start time: Sep 16 15:36 UTC
Output:
----------------------------------------------------------
Detected locale "C" with character encoding "ANSI_X3.4-1968", which is not UTF-8.
Qt depends on a UTF-8 locale, and has switched to "C.UTF-8" instead.
If this causes problems, reconfigure your locale. See the locale(1) manual
for more information.
archive-core-tests: PASS
<end of output>
Test time =   0.57 sec
----------------------------------------------------------
Test Passed.
"archive-core" end time: Sep 16 15:36 UTC
"archive-core" time elapsed: 00:00:00
----------------------------------------------------------

2/28 Testing: archive-discovery-shape
2/28 Test: archive-discovery-shape
Command: "/__w/Media-Downloader-PS/Media-Downloader-PS/build-sanitized/archive-hardening-tests" "discovery-shape"
Directory: /__w/Media-Downloader-PS/Media-Downloader-PS/build-sanitized
"archive-discovery-shape" start time: Sep 16 15:36 UTC
Output:
----------------------------------------------------------
Detected locale "C" with character encoding "ANSI_X3.4-1968", which is not UTF-8.
Qt depends on a UTF-8 locale, and has switched to "C.UTF-8" instead.
If this causes problems, reconfigure your locale. See the locale(1) manual
for more information.
discovery-shape: PASS
<end of output>
Test time =   0.02 sec
----------------------------------------------------------
Test Passed.
"archive-discovery-shape" end time: Sep 16 15:37 UTC
"archive-discovery-shape" time elapsed: 00:00:00
----------------------------------------------------------

3/28 Testing: archive-discovery-null
3/28 Test: archive-discovery-null
Command: "/__w/Media-Downloader-PS/Media-Downloader-PS/build-sanitized/archive-hardening-tests" "discovery-null"
Directory: /__w/Media-Downloader-PS/Media-Downloader-PS/build-sanitized
"archive-discovery-null" start time: Sep 16 15:37 UTC
Output:
----------------------------------------------------------
Detected locale "C" with character encoding "ANSI_X3.4-1968", which is not UTF-8.
Qt depends on a UTF-8 locale, and has switched to "C.UTF-8" instead.
If this causes problems, reconfigure your locale. See the locale(1) manual
for more information.
discovery-null: PASS
<end of output>
Test time =   0.03 sec
----------------------------------------------------------
Test Passed.
"archive-discovery-null" end time: Sep 16 15:37 UTC
"archive-discovery-null" time elapsed: 00:00:00
----------------------------------------------------------

4/28 Testing: archive-discovery-count
4/28 Test: archive-discovery-count
Command: "/__w/Media-Downloader-PS/Media-Downloader-PS/build-sanitized/archive-hardening-tests" "discovery-count"
Directory: /__w/Media-Downloader-PS/Media-Downloader-PS/build-sanitized
"archive-discovery-count" start time: Sep 16 15:37 UTC
Output:
----------------------------------------------------------
Detected locale "C" with character encoding "ANSI_X3.4-1968", which is not UTF-8.
Qt depends on a UTF-8 locale, and has switched to "C.UTF-8" instead.
If this causes problems, reconfigure your locale. See the locale(1) manual
for more information.
discovery-count: PASS
<end of output>
Test time =   0.02 sec
----------------------------------------------------------
Test Passed.
"archive-discovery-count" end time: Sep 16 15:37 UTC
"archive-discovery-count" time elapsed: 00:00:00
----------------------------------------------------------

5/28 Testing: archive-discovery-error
5/28 Test: archive-discovery-error
Command: "/__w/Media-Downloader-PS/Media-Downloader-PS/build-sanitized/archive-hardening-tests" "discovery-error"
Directory: /__w/Media-Downloader-PS/Media-Downloader-PS/build-sanitized
"archive-discovery-error" start time: Sep 16 15:37 UTC
Output:
----------------------------------------------------------
Detected locale "C" with character encoding "ANSI_X3.4-1968", which is not UTF-8.
Qt depends on a UTF-8 locale, and has switched to "C.UTF-8" instead.
If this causes problems, reconfigure your locale. See the locale(1) manual
for more information.
discovery-error: PASS
<end of output>
Test time =   0.03 sec
----------------------------------------------------------
Test Passed.
"archive-discovery-error" end time: Sep 16 15:37 UTC
"archive-discovery-error" time elapsed: 00:00:00
----------------------------------------------------------

6/28 Testing: archive-portable-paths
6/28 Test: archive-portable-paths
Command: "/__w/Media-Downloader-PS/Media-Downloader-PS/build-sanitized/archive-hardening-tests" "portable-paths"
Directory: /__w/Media-Downloader-PS/Media-Downloader-PS/build-sanitized
"archive-portable-paths" start time: Sep 16 15:37 UTC
Output:
----------------------------------------------------------
Detected locale "C" with character encoding "ANSI_X3.4-1968", which is not UTF-8.
Qt depends on a UTF-8 locale, and has switched to "C.UTF-8" instead.
If this causes problems, reconfigure your locale. See the locale(1) manual
for more information.
portable-paths: PASS
<end of output>
Test time =   0.09 sec
----------------------------------------------------------
Test Passed.
"archive-portable-paths" end time: Sep 16 15:37 UTC
"archive-portable-paths" time elapsed: 00:00:00
----------------------------------------------------------

7/28 Testing: archive-reserved-device-variants
7/28 Test: archive-reserved-device-variants
Command: "/__w/Media-Downloader-PS/Media-Downloader-PS/build-sanitized/archive-hardening-tests" "reserved-device-variants"
Directory: /__w/Media-Downloader-PS/Media-Downloader-PS/build-sanitized
"archive-reserved-device-variants" start time: Sep 16 15:37 UTC
Output:
----------------------------------------------------------
Detected locale "C" with character encoding "ANSI_X3.4-1968", which is not UTF-8.
Qt depends on a UTF-8 locale, and has switched to "C.UTF-8" instead.
If this causes problems, reconfigure your locale. See the locale(1) manual
for more information.
reserved-device-variants: PASS
<end of output>
Test time =   0.09 sec
----------------------------------------------------------
Test Passed.
"archive-reserved-device-variants" end time: Sep 16 15:37 UTC
"archive-reserved-device-variants" time elapsed: 00:00:00
----------------------------------------------------------

8/28 Testing: archive-reparse-policy
8/28 Test: archive-reparse-policy
Command: "/__w/Media-Downloader-PS/Media-Downloader-PS/build-sanitized/archive-hardening-tests" "reparse-policy"
Directory: /__w/Media-Downloader-PS/Media-Downloader-PS/build-sanitized
"archive-reparse-policy" start time: Sep 16 15:37 UTC
Output:
----------------------------------------------------------
Detected locale "C" with character encoding "ANSI_X3.4-1968", which is not UTF-8.
Qt depends on a UTF-8 locale, and has switched to "C.UTF-8" instead.
If this causes problems, reconfigure your locale. See the locale(1) manual
for more information.
reparse-policy: PASS
<end of output>
Test time =   0.02 sec
----------------------------------------------------------
Test Passed.
"archive-reparse-policy" end time: Sep 16 15:37 UTC
"archive-reparse-policy" time elapsed: 00:00:00
----------------------------------------------------------

9/28 Testing: archive-root-symlink
9/28 Test: archive-root-symlink
Command: "/__w/Media-Downloader-PS/Media-Downloader-PS/build-sanitized/archive-hardening-tests" "root-symlink"
Directory: /__w/Media-Downloader-PS/Media-Downloader-PS/build-sanitized
"archive-root-symlink" start time: Sep 16 15:37 UTC
Output:
----------------------------------------------------------
Detected locale "C" with character encoding "ANSI_X3.4-1968", which is not UTF-8.
Qt depends on a UTF-8 locale, and has switched to "C.UTF-8" instead.
If this causes problems, reconfigure your locale. See the locale(1) manual
for more information.
root-symlink: PASS
<end of output>
Test time =   0.02 sec
----------------------------------------------------------
Test Passed.
"archive-root-symlink" end time: Sep 16 15:37 UTC
"archive-root-symlink" time elapsed: 00:00:00
----------------------------------------------------------

10/28 Testing: archive-parent-symlink
10/28 Test: archive-parent-symlink
Command: "/__w/Media-Downloader-PS/Media-Downloader-PS/build-sanitized/archive-hardening-tests" "parent-symlink"
Directory: /__w/Media-Downloader-PS/Media-Downloader-PS/build-sanitized
"archive-parent-symlink" start time: Sep 16 15:37 UTC
Output:
----------------------------------------------------------
Detected locale "C" with character encoding "ANSI_X3.4-1968", which is not UTF-8.
Qt depends on a UTF-8 locale, and has switched to "C.UTF-8" instead.
If this causes problems, reconfigure your locale. See the locale(1) manual
for more information.
parent-symlink: PASS
<end of output>
Test time =   0.02 sec
----------------------------------------------------------
Test Passed.
"archive-parent-symlink" end time: Sep 16 15:37 UTC
"archive-parent-symlink" time elapsed: 00:00:00
----------------------------------------------------------

11/28 Testing: archive-linked-state
11/28 Test: archive-linked-state
Command: "/__w/Media-Downloader-PS/Media-Downloader-PS/build-sanitized/archive-hardening-tests" "linked-state"
Directory: /__w/Media-Downloader-PS/Media-Downloader-PS/build-sanitized
"archive-linked-state" start time: Sep 16 15:37 UTC
Output:
----------------------------------------------------------
Detected locale "C" with character encoding "ANSI_X3.4-1968", which is not UTF-8.
Qt depends on a UTF-8 locale, and has switched to "C.UTF-8" instead.
If this causes problems, reconfigure your locale. See the locale(1) manual
for more information.
linked-state: PASS
<end of output>
Test time =   0.08 sec
----------------------------------------------------------
Test Passed.
"archive-linked-state" end time: Sep 16 15:37 UTC
"archive-linked-state" time elapsed: 00:00:00
----------------------------------------------------------

12/28 Testing: archive-linked-media
12/28 Test: archive-linked-media
Command: "/__w/Media-Downloader-PS/Media-Downloader-PS/build-sanitized/archive-hardening-tests" "linked-media"
Directory: /__w/Media-Downloader-PS/Media-Downloader-PS/build-sanitized
"archive-linked-media" start time: Sep 16 15:37 UTC
Output:
----------------------------------------------------------
Detected locale "C" with character encoding "ANSI_X3.4-1968", which is not UTF-8.
Qt depends on a UTF-8 locale, and has switched to "C.UTF-8" instead.
If this causes problems, reconfigure your locale. See the locale(1) manual
for more information.
linked-media: PASS
<end of output>
Test time =   0.08 sec
----------------------------------------------------------
Test Passed.
"archive-linked-media" end time: Sep 16 15:37 UTC
"archive-linked-media" time elapsed: 00:00:00
----------------------------------------------------------

13/28 Testing: archive-placeholder-position
13/28 Test: archive-placeholder-position
Command: "/__w/Media-Downloader-PS/Media-Downloader-PS/build-sanitized/archive-hardening-tests" "placeholder-position"
Directory: /__w/Media-Downloader-PS/Media-Downloader-PS/build-sanitized
"archive-placeholder-position" start time: Sep 16 15:37 UTC
Output:
----------------------------------------------------------
Detected locale "C" with character encoding "ANSI_X3.4-1968", which is not UTF-8.
Qt depends on a UTF-8 locale, and has switched to "C.UTF-8" instead.
If this causes problems, reconfigure your locale. See the locale(1) manual
for more information.
placeholder-position: PASS
<end of output>
Test time =   0.02 sec
----------------------------------------------------------
Test Passed.
"archive-placeholder-position" end time: Sep 16 15:37 UTC
"archive-placeholder-position" time elapsed: 00:00:00
----------------------------------------------------------

14/28 Testing: archive-placeholder-reorder
14/28 Test: archive-placeholder-reorder
Command: "/__w/Media-Downloader-PS/Media-Downloader-PS/build-sanitized/archive-hardening-tests" "placeholder-reorder"
Directory: /__w/Media-Downloader-PS/Media-Downloader-PS/build-sanitized
"archive-placeholder-reorder" start time: Sep 16 15:37 UTC
Output:
----------------------------------------------------------
Detected locale "C" with character encoding "ANSI_X3.4-1968", which is not UTF-8.
Qt depends on a UTF-8 locale, and has switched to "C.UTF-8" instead.
If this causes problems, reconfigure your locale. See the locale(1) manual
for more information.
placeholder-reorder: PASS
<end of output>
Test time =   0.17 sec
----------------------------------------------------------
Test Passed.
"archive-placeholder-reorder" end time: Sep 16 15:37 UTC
"archive-placeholder-reorder" time elapsed: 00:00:00
----------------------------------------------------------

15/28 Testing: archive-source-traversal
15/28 Test: archive-source-traversal
Command: "/__w/Media-Downloader-PS/Media-Downloader-PS/build-sanitized/archive-hardening-tests" "source-traversal"
Directory: /__w/Media-Downloader-PS/Media-Downloader-PS/build-sanitized
"archive-source-traversal" start time: Sep 16 15:37 UTC
Output:
----------------------------------------------------------
Detected locale "C" with character encoding "ANSI_X3.4-1968", which is not UTF-8.
Qt depends on a UTF-8 locale, and has switched to "C.UTF-8" instead.
If this causes problems, reconfigure your locale. See the locale(1) manual
for more information.
source-traversal: PASS
<end of output>
Test time =   0.08 sec
----------------------------------------------------------
Test Passed.
"archive-source-traversal" end time: Sep 16 15:37 UTC
"archive-source-traversal" time elapsed: 00:00:00
----------------------------------------------------------

16/28 Testing: archive-state-shape
16/28 Test: archive-state-shape
Command: "/__w/Media-Downloader-PS/Media-Downloader-PS/build-sanitized/archive-hardening-tests" "state-shape"
Directory: /__w/Media-Downloader-PS/Media-Downloader-PS/build-sanitized
"archive-state-shape" start time: Sep 16 15:37 UTC
Output:
----------------------------------------------------------
Detected locale "C" with character encoding "ANSI_X3.4-1968", which is not UTF-8.
Qt depends on a UTF-8 locale, and has switched to "C.UTF-8" instead.
If this causes problems, reconfigure your locale. See the locale(1) manual
for more information.
state-shape: PASS
<end of output>
Test time =   0.08 sec
----------------------------------------------------------
Test Passed.
"archive-state-shape" end time: Sep 16 15:37 UTC
"archive-state-shape" time elapsed: 00:00:00
----------------------------------------------------------

17/28 Testing: archive-source-state-corruption
17/28 Test: archive-source-state-corruption
Command: "/__w/Media-Downloader-PS/Media-Downloader-PS/build-sanitized/archive-hardening-tests" "source-state-corruption"
Directory: /__w/Media-Downloader-PS/Media-Downloader-PS/build-sanitized
"archive-source-state-corruption" start time: Sep 16 15:37 UTC
Output:
----------------------------------------------------------
Detected locale "C" with character encoding "ANSI_X3.4-1968", which is not UTF-8.
Qt depends on a UTF-8 locale, and has switched to "C.UTF-8" instead.
If this causes problems, reconfigure your locale. See the locale(1) manual
for more information.
source-state-corruption: PASS
<end of output>
Test time =   0.08 sec
----------------------------------------------------------
Test Passed.
"archive-source-state-corruption" end time: Sep 16 15:37 UTC
"archive-source-state-corruption" time elapsed: 00:00:00
----------------------------------------------------------

18/28 Testing: archive-snapshot-identity
18/28 Test: archive-snapshot-identity
Command: "/__w/Media-Downloader-PS/Media-Downloader-PS/build-sanitized/archive-hardening-tests" "snapshot-identity"
Directory: /__w/Media-Downloader-PS/Media-Downloader-PS/build-sanitized
"archive-snapshot-identity" start time: Sep 16 15:37 UTC
Output:
----------------------------------------------------------
Detected locale "C" with character encoding "ANSI_X3.4-1968", which is not UTF-8.
Qt depends on a UTF-8 locale, and has switched to "C.UTF-8" instead.
If this causes problems, reconfigure your locale. See the locale(1) manual
for more information.
snapshot-identity: PASS
<end of output>
Test time =   0.08 sec
----------------------------------------------------------
Test Passed.
"archive-snapshot-identity" end time: Sep 16 15:37 UTC
"archive-snapshot-identity" time elapsed: 00:00:00
----------------------------------------------------------

19/28 Testing: archive-import-identity
19/28 Test: archive-import-identity
Command: "/__w/Media-Downloader-PS/Media-Downloader-PS/build-sanitized/archive-hardening-tests" "import-identity"
Directory: /__w/Media-Downloader-PS/Media-Downloader-PS/build-sanitized
"archive-import-identity" start time: Sep 16 15:37 UTC
Output:
----------------------------------------------------------
Detected locale "C" with character encoding "ANSI_X3.4-1968", which is not UTF-8.
Qt depends on a UTF-8 locale, and has switched to "C.UTF-8" instead.
If this causes problems, reconfigure your locale. See the locale(1) manual
for more information.
import-identity: PASS
<end of output>
Test time =   0.09 sec
----------------------------------------------------------
Test Passed.
"archive-import-identity" end time: Sep 16 15:37 UTC
"archive-import-identity" time elapsed: 00:00:00
----------------------------------------------------------

20/28 Testing: archive-import-id-only
20/28 Test: archive-import-id-only
Command: "/__w/Media-Downloader-PS/Media-Downloader-PS/build-sanitized/archive-hardening-tests" "import-id-only"
Directory: /__w/Media-Downloader-PS/Media-Downloader-PS/build-sanitized
"archive-import-id-only" start time: Sep 16 15:37 UTC
Output:
----------------------------------------------------------
Detected locale "C" with character encoding "ANSI_X3.4-1968", which is not UTF-8.
Qt depends on a UTF-8 locale, and has switched to "C.UTF-8" instead.
If this causes problems, reconfigure your locale. See the locale(1) manual
for more information.
import-id-only: PASS
<end of output>
Test time =   0.08 sec
----------------------------------------------------------
Test Passed.
"archive-import-id-only" end time: Sep 16 15:37 UTC
"archive-import-id-only" time elapsed: 00:00:00
----------------------------------------------------------

21/28 Testing: archive-import-schema
21/28 Test: archive-import-schema
Command: "/__w/Media-Downloader-PS/Media-Downloader-PS/build-sanitized/archive-hardening-tests" "import-schema"
Directory: /__w/Media-Downloader-PS/Media-Downloader-PS/build-sanitized
"archive-import-schema" start time: Sep 16 15:37 UTC
Output:
----------------------------------------------------------
Detected locale "C" with character encoding "ANSI_X3.4-1968", which is not UTF-8.
Qt depends on a UTF-8 locale, and has switched to "C.UTF-8" instead.
If this causes problems, reconfigure your locale. See the locale(1) manual
for more information.
import-schema: PASS
<end of output>
Test time =   0.08 sec
----------------------------------------------------------
Test Passed.
"archive-import-schema" end time: Sep 16 15:37 UTC
"archive-import-schema" time elapsed: 00:00:00
----------------------------------------------------------

22/28 Testing: archive-partial-recovery-status
22/28 Test: archive-partial-recovery-status
Command: "/__w/Media-Downloader-PS/Media-Downloader-PS/build-sanitized/archive-hardening-tests" "partial-recovery-status"
Directory: /__w/Media-Downloader-PS/Media-Downloader-PS/build-sanitized
"archive-partial-recovery-status" start time: Sep 16 15:37 UTC
Output:
----------------------------------------------------------
Detected locale "C" with character encoding "ANSI_X3.4-1968", which is not UTF-8.
Qt depends on a UTF-8 locale, and has switched to "C.UTF-8" instead.
If this causes problems, reconfigure your locale. See the locale(1) manual
for more information.
partial-recovery-status: PASS
<end of output>
Test time =   0.13 sec
----------------------------------------------------------
Test Passed.
"archive-partial-recovery-status" end time: Sep 16 15:37 UTC
"archive-partial-recovery-status" time elapsed: 00:00:00
----------------------------------------------------------

23/28 Testing: archive-nested-redaction
23/28 Test: archive-nested-redaction
Command: "/__w/Media-Downloader-PS/Media-Downloader-PS/build-sanitized/archive-hardening-tests" "nested-redaction"
Directory: /__w/Media-Downloader-PS/Media-Downloader-PS/build-sanitized
"archive-nested-redaction" start time: Sep 16 15:37 UTC
Output:
----------------------------------------------------------
Detected locale "C" with character encoding "ANSI_X3.4-1968", which is not UTF-8.
Qt depends on a UTF-8 locale, and has switched to "C.UTF-8" instead.
If this causes problems, reconfigure your locale. See the locale(1) manual
for more information.
nested-redaction: PASS
<end of output>
Test time =   0.08 sec
----------------------------------------------------------
Test Passed.
"archive-nested-redaction" end time: Sep 16 15:37 UTC
"archive-nested-redaction" time elapsed: 00:00:00
----------------------------------------------------------

24/28 Testing: archive-deleted-title
24/28 Test: archive-deleted-title
Command: "/__w/Media-Downloader-PS/Media-Downloader-PS/build-sanitized/archive-hardening-tests" "deleted-title"
Directory: /__w/Media-Downloader-PS/Media-Downloader-PS/build-sanitized
"archive-deleted-title" start time: Sep 16 15:37 UTC
Output:
----------------------------------------------------------
Detected locale "C" with character encoding "ANSI_X3.4-1968", which is not UTF-8.
Qt depends on a UTF-8 locale, and has switched to "C.UTF-8" instead.
If this causes problems, reconfigure your locale. See the locale(1) manual
for more information.
deleted-title: PASS
<end of output>
Test time =   0.12 sec
----------------------------------------------------------
Test Passed.
"archive-deleted-title" end time: Sep 16 15:37 UTC
"archive-deleted-title" time elapsed: 00:00:00
----------------------------------------------------------

25/28 Testing: archive-linked-package-file
25/28 Test: archive-linked-package-file
Command: "/__w/Media-Downloader-PS/Media-Downloader-PS/build-sanitized/archive-hardening-tests" "linked-package-file"
Directory: /__w/Media-Downloader-PS/Media-Downloader-PS/build-sanitized
"archive-linked-package-file" start time: Sep 16 15:37 UTC
Output:
----------------------------------------------------------
Detected locale "C" with character encoding "ANSI_X3.4-1968", which is not UTF-8.
Qt depends on a UTF-8 locale, and has switched to "C.UTF-8" instead.
If this causes problems, reconfigure your locale. See the locale(1) manual
for more information.
linked-package-file: PASS
<end of output>
Test time =   0.09 sec
----------------------------------------------------------
Test Passed.
"archive-linked-package-file" end time: Sep 16 15:37 UTC
"archive-linked-package-file" time elapsed: 00:00:00
----------------------------------------------------------

26/28 Testing: archive-media-integrity
26/28 Test: archive-media-integrity
Command: "/__w/Media-Downloader-PS/Media-Downloader-PS/build-sanitized/archive-media-integrity-tests"
Directory: /__w/Media-Downloader-PS/Media-Downloader-PS/build-sanitized
"archive-media-integrity" start time: Sep 16 15:37 UTC
Output:
----------------------------------------------------------
Detected locale "C" with character encoding "ANSI_X3.4-1968", which is not UTF-8.
Qt depends on a UTF-8 locale, and has switched to "C.UTF-8" instead.
If this causes problems, reconfigure your locale. See the locale(1) manual
for more information.
archive-media-integrity-tests: PASS
<end of output>
Test time =   1.69 sec
----------------------------------------------------------
Test Passed.
"archive-media-integrity" end time: Sep 16 15:37 UTC
"archive-media-integrity" time elapsed: 00:00:01
----------------------------------------------------------

27/28 Testing: archive-gui-settings
27/28 Test: archive-gui-settings
Command: "/__w/Media-Downloader-PS/Media-Downloader-PS/build-sanitized/archive-gui-settings-tests"
Directory: /__w/Media-Downloader-PS/Media-Downloader-PS/build-sanitized
"archive-gui-settings" start time: Sep 16 15:37 UTC
Output:
----------------------------------------------------------
Detected locale "C" with character encoding "ANSI_X3.4-1968", which is not UTF-8.
Qt depends on a UTF-8 locale, and has switched to "C.UTF-8" instead.
If this causes problems, reconfigure your locale. See the locale(1) manual
for more information.
archive-gui-settings-tests: PASS
<end of output>
Test time =   0.02 sec
----------------------------------------------------------
Test Passed.
"archive-gui-settings" end time: Sep 16 15:37 UTC
"archive-gui-settings" time elapsed: 00:00:00
----------------------------------------------------------

28/28 Testing: archive-integration
28/28 Test: archive-integration
Command: "/usr/bin/python3" "/__w/Media-Downloader-PS/Media-Downloader-PS/tests/archive-integration-tests.py" "--cli" "/__w/Media-Downloader-PS/Media-Downloader-PS/build-sanitized/archive-cli" "--fake-tool" "/__w/Media-Downloader-PS/Media-Downloader-PS/build-sanitized/archive-fake-tool"
Directory: /__w/Media-Downloader-PS/Media-Downloader-PS/build-sanitized
"archive-integration" start time: Sep 16 15:37 UTC
Output:
----------------------------------------------------------
test_archive_skip_retry_argument_order (__main__.ArchiveIntegration.test_archive_skip_retry_argument_order) ... ok
test_concurrent_writer_and_old_live_lock_are_rejected (__main__.ArchiveIntegration.test_concurrent_writer_and_old_live_lock_are_rejected) ... ok
test_corrupt_history_cannot_be_extended_or_replaced (__main__.ArchiveIntegration.test_corrupt_history_cannot_be_extended_or_replaced) ... ok
test_corrupt_state_is_not_silently_replaced (__main__.ArchiveIntegration.test_corrupt_state_is_not_silently_replaced) ... ok
test_crashed_writer_lock_is_recovered (__main__.ArchiveIntegration.test_crashed_writer_lock_is_recovered) ... ok
test_csv_formula_and_playlist_line_injection_are_neutralized (__main__.ArchiveIntegration.test_csv_formula_and_playlist_line_injection_are_neutralized) ... ok
test_duplicate_playlist_occurrences_survive_removal_and_reappearance (__main__.ArchiveIntegration.test_duplicate_playlist_occurrences_survive_removal_and_reappearance) ... ok
test_failed_second_representation_is_atomic_and_retryable (__main__.ArchiveIntegration.test_failed_second_representation_is_atomic_and_retryable) ... ok
test_invalid_cli_arguments_have_no_filesystem_side_effects (__main__.ArchiveIntegration.test_invalid_cli_arguments_have_no_filesystem_side_effects) ... ok
test_linked_state_directory_is_refused (__main__.ArchiveIntegration.test_linked_state_directory_is_refused) ... ok
test_malformed_journal_payload_is_rejected_before_any_write (__main__.ArchiveIntegration.test_malformed_journal_payload_is_rejected_before_any_write) ... ok
test_metadata_only_id_only_import (__main__.ArchiveIntegration.test_metadata_only_id_only_import) ... ok
test_mid_commit_restart_rolls_forward_idempotently (__main__.ArchiveIntegration.test_mid_commit_restart_rolls_forward_idempotently) ... ok
test_missing_complete_media_cannot_report_pass (__main__.ArchiveIntegration.test_missing_complete_media_cannot_report_pass) ... ok
test_normalization_preserves_original_bytes (__main__.ArchiveIntegration.test_normalization_preserves_original_bytes) ... ok
test_partial_scan_preserves_membership (__main__.ArchiveIntegration.test_partial_scan_preserves_membership) ... ok
test_real_import_and_immutable_accepted_evidence (__main__.ArchiveIntegration.test_real_import_and_immutable_accepted_evidence) ... ok
test_resource_upgrade_preserves_prior_contract (__main__.ArchiveIntegration.test_resource_upgrade_preserves_prior_contract) ... ok
test_scan_sync_verify_and_idempotent_rerun (__main__.ArchiveIntegration.test_scan_sync_verify_and_idempotent_rerun) ... ok
test_transaction_conflict_preserves_all_bytes (__main__.ArchiveIntegration.test_transaction_conflict_preserves_all_bytes) ... ok
test_truncated_faststart_media_is_rejected_and_repaired (__main__.ArchiveIntegration.test_truncated_faststart_media_is_rejected_and_repaired) ... ok
test_valid_existing_media_is_adopted_when_source_unavailable (__main__.ArchiveIntegration.test_valid_existing_media_is_adopted_when_source_unavailable) ... ok
test_windows_harness_positive_and_tampered_package_negative (__main__.ArchiveIntegration.test_windows_harness_positive_and_tampered_package_negative) ... skipped 'Windows PowerShell acceptance wrapper'

----------------------------------------------------------------------
Ran 23 tests in 21.275s

OK (skipped=1)
<end of output>
Test time =  21.34 sec
----------------------------------------------------------
Test Passed.
"archive-integration" end time: Sep 16 15:37 UTC
"archive-integration" time elapsed: 00:00:21
----------------------------------------------------------

End testing: Sep 16 15:37 UTC
