<?xml version="1.0" encoding="UTF-8"?>
<testsuite name="Linux-c++"
	tests="18"
	failures="0"
	disabled="0"
	skipped="0"
	hostname="e5d23ce81fb5"
	time="13"
	timestamp="2026-09-15T17:22:22"
	>
	<testcase name="archive-core" classname="archive-core" time="0.561242" status="run">
		<properties/>
		<system-out>Detected locale "C" with character encoding "ANSI_X3.4-1968", which is not UTF-8.
Qt depends on a UTF-8 locale, and has switched to "C.UTF-8" instead.
If this causes problems, reconfigure your locale. See the locale(1) manual
for more information.
archive-core-tests: PASS
</system-out>
	</testcase>
	<testcase name="archive-discovery-shape" classname="archive-discovery-shape" time="0.0207646" status="run">
		<properties/>
		<system-out>Detected locale "C" with character encoding "ANSI_X3.4-1968", which is not UTF-8.
Qt depends on a UTF-8 locale, and has switched to "C.UTF-8" instead.
If this causes problems, reconfigure your locale. See the locale(1) manual
for more information.
discovery-shape: PASS
</system-out>
	</testcase>
	<testcase name="archive-discovery-null" classname="archive-discovery-null" time="0.0214907" status="run">
		<properties/>
		<system-out>Detected locale "C" with character encoding "ANSI_X3.4-1968", which is not UTF-8.
Qt depends on a UTF-8 locale, and has switched to "C.UTF-8" instead.
If this causes problems, reconfigure your locale. See the locale(1) manual
for more information.
discovery-null: PASS
</system-out>
	</testcase>
	<testcase name="archive-discovery-count" classname="archive-discovery-count" time="0.0219688" status="run">
		<properties/>
		<system-out>Detected locale "C" with character encoding "ANSI_X3.4-1968", which is not UTF-8.
Qt depends on a UTF-8 locale, and has switched to "C.UTF-8" instead.
If this causes problems, reconfigure your locale. See the locale(1) manual
for more information.
discovery-count: PASS
</system-out>
	</testcase>
	<testcase name="archive-discovery-error" classname="archive-discovery-error" time="0.0213122" status="run">
		<properties/>
		<system-out>Detected locale "C" with character encoding "ANSI_X3.4-1968", which is not UTF-8.
Qt depends on a UTF-8 locale, and has switched to "C.UTF-8" instead.
If this causes problems, reconfigure your locale. See the locale(1) manual
for more information.
discovery-error: PASS
</system-out>
	</testcase>
	<testcase name="archive-portable-paths" classname="archive-portable-paths" time="0.0747853" status="run">
		<properties/>
		<system-out>Detected locale "C" with character encoding "ANSI_X3.4-1968", which is not UTF-8.
Qt depends on a UTF-8 locale, and has switched to "C.UTF-8" instead.
If this causes problems, reconfigure your locale. See the locale(1) manual
for more information.
portable-paths: PASS
</system-out>
	</testcase>
	<testcase name="archive-source-traversal" classname="archive-source-traversal" time="0.069192" status="run">
		<properties/>
		<system-out>Detected locale "C" with character encoding "ANSI_X3.4-1968", which is not UTF-8.
Qt depends on a UTF-8 locale, and has switched to "C.UTF-8" instead.
If this causes problems, reconfigure your locale. See the locale(1) manual
for more information.
source-traversal: PASS
</system-out>
	</testcase>
	<testcase name="archive-state-shape" classname="archive-state-shape" time="0.0771021" status="run">
		<properties/>
		<system-out>Detected locale "C" with character encoding "ANSI_X3.4-1968", which is not UTF-8.
Qt depends on a UTF-8 locale, and has switched to "C.UTF-8" instead.
If this causes problems, reconfigure your locale. See the locale(1) manual
for more information.
state-shape: PASS
</system-out>
	</testcase>
	<testcase name="archive-source-state-corruption" classname="archive-source-state-corruption" time="0.0729086" status="run">
		<properties/>
		<system-out>Detected locale "C" with character encoding "ANSI_X3.4-1968", which is not UTF-8.
Qt depends on a UTF-8 locale, and has switched to "C.UTF-8" instead.
If this causes problems, reconfigure your locale. See the locale(1) manual
for more information.
source-state-corruption: PASS
</system-out>
	</testcase>
	<testcase name="archive-snapshot-identity" classname="archive-snapshot-identity" time="0.0756071" status="run">
		<properties/>
		<system-out>Detected locale "C" with character encoding "ANSI_X3.4-1968", which is not UTF-8.
Qt depends on a UTF-8 locale, and has switched to "C.UTF-8" instead.
If this causes problems, reconfigure your locale. See the locale(1) manual
for more information.
snapshot-identity: PASS
</system-out>
	</testcase>
	<testcase name="archive-import-identity" classname="archive-import-identity" time="0.0708842" status="run">
		<properties/>
		<system-out>Detected locale "C" with character encoding "ANSI_X3.4-1968", which is not UTF-8.
Qt depends on a UTF-8 locale, and has switched to "C.UTF-8" instead.
If this causes problems, reconfigure your locale. See the locale(1) manual
for more information.
import-identity: PASS
</system-out>
	</testcase>
	<testcase name="archive-import-id-only" classname="archive-import-id-only" time="0.0700243" status="run">
		<properties/>
		<system-out>Detected locale "C" with character encoding "ANSI_X3.4-1968", which is not UTF-8.
Qt depends on a UTF-8 locale, and has switched to "C.UTF-8" instead.
If this causes problems, reconfigure your locale. See the locale(1) manual
for more information.
import-id-only: PASS
</system-out>
	</testcase>
	<testcase name="archive-import-schema" classname="archive-import-schema" time="0.0690665" status="run">
		<properties/>
		<system-out>Detected locale "C" with character encoding "ANSI_X3.4-1968", which is not UTF-8.
Qt depends on a UTF-8 locale, and has switched to "C.UTF-8" instead.
If this causes problems, reconfigure your locale. See the locale(1) manual
for more information.
import-schema: PASS
</system-out>
	</testcase>
	<testcase name="archive-partial-recovery-status" classname="archive-partial-recovery-status" time="0.110917" status="run">
		<properties/>
		<system-out>Detected locale "C" with character encoding "ANSI_X3.4-1968", which is not UTF-8.
Qt depends on a UTF-8 locale, and has switched to "C.UTF-8" instead.
If this causes problems, reconfigure your locale. See the locale(1) manual
for more information.
partial-recovery-status: PASS
</system-out>
	</testcase>
	<testcase name="archive-nested-redaction" classname="archive-nested-redaction" time="0.0726205" status="run">
		<properties/>
		<system-out>Detected locale "C" with character encoding "ANSI_X3.4-1968", which is not UTF-8.
Qt depends on a UTF-8 locale, and has switched to "C.UTF-8" instead.
If this causes problems, reconfigure your locale. See the locale(1) manual
for more information.
nested-redaction: PASS
</system-out>
	</testcase>
	<testcase name="archive-deleted-title" classname="archive-deleted-title" time="0.100815" status="run">
		<properties/>
		<system-out>Detected locale "C" with character encoding "ANSI_X3.4-1968", which is not UTF-8.
Qt depends on a UTF-8 locale, and has switched to "C.UTF-8" instead.
If this causes problems, reconfigure your locale. See the locale(1) manual
for more information.
deleted-title: PASS
</system-out>
	</testcase>
	<testcase name="archive-linked-package-file" classname="archive-linked-package-file" time="0.0729153" status="run">
		<properties/>
		<system-out>Detected locale "C" with character encoding "ANSI_X3.4-1968", which is not UTF-8.
Qt depends on a UTF-8 locale, and has switched to "C.UTF-8" instead.
If this causes problems, reconfigure your locale. See the locale(1) manual
for more information.
linked-package-file: PASS
</system-out>
	</testcase>
	<testcase name="archive-integration" classname="archive-integration" time="12.2647" status="run">
		<properties/>
		<system-out>test_archive_skip_retry_argument_order (__main__.ArchiveIntegration.test_archive_skip_retry_argument_order) ... ok
test_concurrent_writer_and_old_live_lock_are_rejected (__main__.ArchiveIntegration.test_concurrent_writer_and_old_live_lock_are_rejected) ... ok
test_corrupt_history_cannot_be_extended_or_replaced (__main__.ArchiveIntegration.test_corrupt_history_cannot_be_extended_or_replaced) ... ok
test_corrupt_state_is_not_silently_replaced (__main__.ArchiveIntegration.test_corrupt_state_is_not_silently_replaced) ... ok
test_crashed_writer_lock_is_recovered (__main__.ArchiveIntegration.test_crashed_writer_lock_is_recovered) ... ok
test_csv_formula_and_playlist_line_injection_are_neutralized (__main__.ArchiveIntegration.test_csv_formula_and_playlist_line_injection_are_neutralized) ... ok
test_duplicate_playlist_occurrences_survive_removal_and_reappearance (__main__.ArchiveIntegration.test_duplicate_playlist_occurrences_survive_removal_and_reappearance) ... ok
test_failed_second_representation_is_atomic_and_ret...
[This part of the test output was removed since it exceeds the threshold of 1024 bytes.]
</system-out>
	</testcase>
</testsuite>
