<?xml version="1.0" encoding="UTF-8"?>
<testsuite name="Win32-ninja"
	tests="19"
	failures="0"
	disabled="0"
	skipped="1"
	hostname="runnervmbkp6f"
	time="42"
	timestamp="2026-09-15T14:30:18"
	>
	<testcase name="archive-core" classname="archive-core" time="2.3303" status="run">
		<properties/>
		<system-out>archive-core-tests: PASS
</system-out>
	</testcase>
	<testcase name="archive-discovery-shape" classname="archive-discovery-shape" time="0.020735" status="run">
		<properties/>
		<system-out>discovery-shape: PASS
</system-out>
	</testcase>
	<testcase name="archive-discovery-null" classname="archive-discovery-null" time="0.0164586" status="run">
		<properties/>
		<system-out>discovery-null: PASS
</system-out>
	</testcase>
	<testcase name="archive-discovery-count" classname="archive-discovery-count" time="0.0165208" status="run">
		<properties/>
		<system-out>discovery-count: PASS
</system-out>
	</testcase>
	<testcase name="archive-discovery-error" classname="archive-discovery-error" time="0.0165561" status="run">
		<properties/>
		<system-out>discovery-error: PASS
</system-out>
	</testcase>
	<testcase name="archive-portable-paths" classname="archive-portable-paths" time="0.237158" status="run">
		<properties/>
		<system-out>portable-paths: PASS
</system-out>
	</testcase>
	<testcase name="archive-source-traversal" classname="archive-source-traversal" time="0.258703" status="run">
		<properties/>
		<system-out>source-traversal: PASS
</system-out>
	</testcase>
	<testcase name="archive-state-shape" classname="archive-state-shape" time="0.293524" status="run">
		<properties/>
		<system-out>state-shape: PASS
</system-out>
	</testcase>
	<testcase name="archive-source-state-corruption" classname="archive-source-state-corruption" time="0.290204" status="run">
		<properties/>
		<system-out>source-state-corruption: PASS
</system-out>
	</testcase>
	<testcase name="archive-snapshot-identity" classname="archive-snapshot-identity" time="0.261797" status="run">
		<properties/>
		<system-out>snapshot-identity: PASS
</system-out>
	</testcase>
	<testcase name="archive-import-identity" classname="archive-import-identity" time="0.270153" status="run">
		<properties/>
		<system-out>import-identity: PASS
</system-out>
	</testcase>
	<testcase name="archive-import-id-only" classname="archive-import-id-only" time="0.261482" status="run">
		<properties/>
		<system-out>import-id-only: PASS
</system-out>
	</testcase>
	<testcase name="archive-import-schema" classname="archive-import-schema" time="0.326392" status="run">
		<properties/>
		<system-out>import-schema: PASS
</system-out>
	</testcase>
	<testcase name="archive-partial-recovery-status" classname="archive-partial-recovery-status" time="1.42664" status="run">
		<properties/>
		<system-out>partial-recovery-status: PASS
</system-out>
	</testcase>
	<testcase name="archive-nested-redaction" classname="archive-nested-redaction" time="1.4238" status="run">
		<properties/>
		<system-out>nested-redaction: PASS
</system-out>
	</testcase>
	<testcase name="archive-deleted-title" classname="archive-deleted-title" time="3.11501" status="run">
		<properties/>
		<system-out>deleted-title: PASS
</system-out>
	</testcase>
	<testcase name="archive-linked-package-file" classname="archive-linked-package-file" time="0.0171832" status="notrun">
		<skipped message="SKIP_RETURN_CODE=77"/>
		<properties/>
		<system-out>SKIP: symlink privilege is host-dependent
</system-out>
	</testcase>
	<testcase name="archive-integration" classname="archive-integration" time="28.0815" status="run">
		<properties/>
		<system-out>test_archive_skip_retry_argument_order (__main__.ArchiveIntegration.test_archive_skip_retry_argument_order) ... ok
test_concurrent_writer_and_old_live_lock_are_rejected (__main__.ArchiveIntegration.test_concurrent_writer_and_old_live_lock_are_rejected) ... ok
test_corrupt_history_cannot_be_extended_or_replaced (__main__.ArchiveIntegration.test_corrupt_history_cannot_be_extended_or_replaced) ... ok
test_corrupt_state_is_not_silently_replaced (__main__.ArchiveIntegration.test_corrupt_state_is_not_silently_replaced) ... ok
test_crashed_writer_lock_is_recovered (__main__.ArchiveIntegration.test_crashed_writer_lock_is_recovered) ... ok
test_csv_formula_and_playlist_line_injection_are_neutralized (__main__.ArchiveIntegration.test_csv_formula_and_playlist_line_injection_are_neutralized) ... ok
test_duplicate_playlist_occurrences_survive_removal_and_reappearance (__main__.ArchiveIntegration.test_duplicate_playlist_occurrences_survive_removal_and_reappearance) ... ok
test_failed_second_representation_is_atomic_and_ret...
[This part of the test output was removed since it exceeds the threshold of 1024 bytes.]
</system-out>
	</testcase>
	<testcase name="archive-local-harness-reparse" classname="archive-local-harness-reparse" time="3.70923" status="run">
		<properties/>
		<system-out>archive-local-harness-reparse-tests PASS
</system-out>
	</testcase>
</testsuite>
